
2024/10/30 (02:58:55) | ===> btop++ v.1.4.0
2024/10/30 (02:58:55) | ERROR: No UTF-8 locale detected!
Use --utf-force argument to force start if you're sure your terminal can handle it.

2024/10/30 (02:58:56) | ===> btop++ v.1.4.0
2024/10/30 (02:58:56) | ERROR: No UTF-8 locale detected!
Use --utf-force argument to force start if you're sure your terminal can handle it.

2024/10/30 (02:59:11) | ===> btop++ v.1.4.0
2024/10/30 (02:59:11) | ERROR: No UTF-8 locale detected!
Use --utf-force argument to force start if you're sure your terminal can handle it.

2024/10/30 (02:59:14) | ===> btop++ v.1.4.0
2024/10/30 (02:59:14) | ERROR: No UTF-8 locale detected!
Use --utf-force argument to force start if you're sure your terminal can handle it.

2024/10/30 (02:59:57) | ===> btop++ v.1.4.0
2024/10/30 (02:59:57) | ERROR: No UTF-8 locale detected!
Use --utf-force argument to force start if you're sure your terminal can handle it.

2024/10/30 (03:00:41) | ===> btop++ v.1.4.0
2024/10/30 (03:00:41) | ERROR: No UTF-8 locale detected!
Use --utf-force argument to force start if you're sure your terminal can handle it.

2024/10/30 (03:01:05) | ===> btop++ v.1.4.0
2024/10/30 (03:01:05) | ERROR: No UTF-8 locale detected!
Use --utf-force argument to force start if you're sure your terminal can handle it.

2024/10/31 (15:31:16) | ===> btop++ v.1.4.0
2024/10/31 (15:31:16) | ERROR: No UTF-8 locale detected!
Use --utf-force argument to force start if you're sure your terminal can handle it.

2024/10/31 (15:31:19) | ===> btop++ v.1.4.0
2024/10/31 (15:31:19) | ERROR: No UTF-8 locale detected!
Use --utf-force argument to force start if you're sure your terminal can handle it.

2024/10/31 (15:31:30) | ===> btop++ v.1.4.0
2024/10/31 (15:31:30) | WARNING: No UTF-8 locale detected! Forcing start with --utf-force argument.
2024/10/31 (15:31:34) | WARNING: get_cpuHZ() : Failed to read /sys/devices/system/cpu/cpufreq/policy and /proc/cpuinfo.

2024/10/31 (15:31:36) | ===> btop++ v.1.4.0
2024/10/31 (15:31:36) | ERROR: No UTF-8 locale detected!
Use --utf-force argument to force start if you're sure your terminal can handle it.

2024/10/31 (21:33:07) | ===> btop++ v.1.4.0
2024/10/31 (21:33:07) | ERROR: No UTF-8 locale detected!
Use --utf-force argument to force start if you're sure your terminal can handle it.
